<?xml version="1.0" encoding="UTF-8"?>
<testng-results ignored="0" total="1" passed="1" failed="0" skipped="0">
  <reporter-output>
  </reporter-output>
  <suite started-at="2024-03-03T21:49:27 IST" name="All Test Suite" finished-at="2024-03-03T21:49:48 IST" duration-ms="20917">
    <groups>
    </groups>
    <test started-at="2024-03-03T21:49:27 IST" name="myTest" finished-at="2024-03-03T21:49:48 IST" duration-ms="20917">
      <class name="org.example.Transformer">
        <test-method signature="properties()[pri:0, instance:org.example.Transformer@4f638935]" started-at="2024-03-03T21:49:27 IST" name="properties" finished-at="2024-03-03T21:49:48 IST" duration-ms="20902" status="PASS">
          <reporter-output>
          </reporter-output>
        </test-method> <!-- properties -->
      </class> <!-- org.example.Transformer -->
    </test> <!-- myTest -->
  </suite> <!-- All Test Suite -->
</testng-results>
